<?xml version="1.0" encoding="UTF-8"?>
<!-- Generated by org.testng.reporters.JUnitReportReporter -->
<testsuite skipped="0" hostname="Administrators-Mac-mini.local" name="Test_Cases.mutitrip_search" tests="1" failures="0" timestamp="18 Oct 2018 10:16:10 GMT" time="46.182" errors="0">
  <testcase name="search" time="46.182" classname="Test_Cases.mutitrip_search"/>
</testsuite> <!-- Test_Cases.mutitrip_search -->
