<?xml version="1.0" encoding="UTF-8"?>
<!-- Generated by org.testng.reporters.JUnitReportReporter -->
<testsuite skipped="0" hostname="Administrators-Mac-mini.local" name="Test_Cases.jetsetter_activation" tests="3" failures="0" timestamp="17 Oct 2018 11:51:45 GMT" time="102.849" errors="0">
  <testcase name="signup" time="10.499" classname="Test_Cases.jetsetter_activation"/>
  <testcase name="userprofile" time="66.312" classname="Test_Cases.jetsetter_activation"/>
  <testcase name="addcard" time="26.038" classname="Test_Cases.jetsetter_activation"/>
</testsuite> <!-- Test_Cases.jetsetter_activation -->
