<?xml version="1.0" encoding="UTF-8"?>
<!-- Generated by org.testng.reporters.JUnitReportReporter -->
<testsuite skipped="0" hostname="Administrators-Mac-mini.local" name="Test_Cases.jetsetter_signup_test" tests="1" failures="0" timestamp="10 Oct 2018 11:12:30 GMT" time="15.565" errors="0">
  <testcase name="signup" time="15.565" classname="Test_Cases.jetsetter_signup_test"/>
</testsuite> <!-- Test_Cases.jetsetter_signup_test -->
