<?xml version="1.0" encoding="UTF-8"?>
<!-- Generated by org.testng.reporters.JUnitReportReporter -->
<testsuite skipped="0" hostname="Administrators-Mac-mini.local" name="Test_Cases.jetsetter_signup_test" tests="1" failures="0" timestamp="25 Sep 2018 07:46:20 GMT" time="12.988" errors="0">
  <testcase name="signup" time="12.988" classname="Test_Cases.jetsetter_signup_test"/>
</testsuite> <!-- Test_Cases.jetsetter_signup_test -->
