<?xml version="1.0" encoding="UTF-8"?>
<!-- Generated by org.testng.reporters.JUnitReportReporter -->
<testsuite skipped="0" hostname="Administrators-Mac-mini.local" name="Test_Cases.mutitrip_search" tests="1" failures="0" timestamp="09 Oct 2018 12:06:52 GMT" time="52.710" errors="0">
  <testcase name="search" time="52.710" classname="Test_Cases.mutitrip_search"/>
</testsuite> <!-- Test_Cases.mutitrip_search -->
