<?xml version="1.0" encoding="UTF-8"?>
<!-- Generated by org.testng.reporters.JUnitReportReporter -->
<testsuite skipped="0" hostname="Administrators-Mac-mini.local" name="Test_Cases.roundtrip_search" tests="2" failures="0" timestamp="11 Oct 2018 12:36:03 GMT" time="74.844" errors="0">
  <testcase name="search" time="35.626" classname="Test_Cases.roundtrip_search"/>
  <testcase name="search" time="39.218" classname="Test_Cases.roundtrip_search"/>
</testsuite> <!-- Test_Cases.roundtrip_search -->
