<?xml version="1.0" encoding="UTF-8"?>
<!-- Generated by org.testng.reporters.JUnitReportReporter -->
<testsuite skipped="0" hostname="Administrators-Mac-mini.local" name="Test_Cases.jetsetter_activation" tests="3" failures="0" timestamp="18 Oct 2018 06:48:39 GMT" time="108.354" errors="0">
  <testcase name="signup" time="10.987" classname="Test_Cases.jetsetter_activation"/>
  <testcase name="userprofile" time="69.278" classname="Test_Cases.jetsetter_activation"/>
  <testcase name="addcard" time="28.089" classname="Test_Cases.jetsetter_activation"/>
</testsuite> <!-- Test_Cases.jetsetter_activation -->
