<?xml version="1.0" encoding="UTF-8"?>
<!-- Generated by org.testng.reporters.JUnitReportReporter -->
<testsuite skipped="0" hostname="Administrators-Mac-mini.local" name="Test_Cases.oneway_search_test" tests="2" failures="0" timestamp="08 Oct 2018 11:03:09 GMT" time="101.383" errors="0">
  <testcase name="search" time="58.195" classname="Test_Cases.oneway_search_test"/>
  <testcase name="search" time="43.188" classname="Test_Cases.oneway_search_test"/>
</testsuite> <!-- Test_Cases.oneway_search_test -->
