<?xml version="1.0" encoding="UTF-8"?>
<!-- Generated by org.testng.reporters.JUnitReportReporter -->
<testsuite skipped="0" hostname="Administrators-Mac-mini.local" name="Test_Cases.roundtrip_search" tests="2" failures="0" timestamp="10 Oct 2018 11:36:23 GMT" time="77.269" errors="0">
  <testcase name="search" time="36.636" classname="Test_Cases.roundtrip_search"/>
  <testcase name="search" time="40.633" classname="Test_Cases.roundtrip_search"/>
</testsuite> <!-- Test_Cases.roundtrip_search -->
