<?xml version="1.0" encoding="UTF-8"?>
<!-- Generated by org.testng.reporters.JUnitReportReporter -->
<testsuite name="Test_Cases.login_test" tests="1" time="31.945" ignored="0" failures="0" timestamp="21 Oct 2018 03:36:02 GMT" skipped="0" hostname="WIN-UV4MLJD9F7O" errors="0">
  <testcase name="login" time="31.945" classname="Test_Cases.login_test"/>
</testsuite> <!-- Test_Cases.login_test -->
