<?xml version="1.0" encoding="UTF-8"?>
<!-- Generated by org.testng.reporters.JUnitReportReporter -->
<testsuite name="Test_Cases.oneway_search_test" tests="2" time="125.689" ignored="0" failures="0" timestamp="21 Oct 2018 03:11:01 GMT" skipped="0" hostname="WIN-UV4MLJD9F7O" errors="0">
  <testcase name="search" time="76.914" classname="Test_Cases.oneway_search_test"/>
  <testcase name="search" time="48.775" classname="Test_Cases.oneway_search_test"/>
</testsuite> <!-- Test_Cases.oneway_search_test -->
