<?xml version="1.0" encoding="UTF-8"?>
<!-- Generated by org.testng.reporters.JUnitReportReporter -->
<testsuite skipped="0" hostname="Administrators-Mac-mini.local" name="Test_Cases.oneway_search_test" tests="2" failures="0" timestamp="01 Oct 2018 08:42:15 GMT" time="46.323" errors="0">
  <testcase name="search" time="21.017" classname="Test_Cases.oneway_search_test"/>
  <testcase name="search" time="25.306" classname="Test_Cases.oneway_search_test"/>
</testsuite> <!-- Test_Cases.oneway_search_test -->
