<?xml version="1.0" encoding="UTF-8"?>
<!-- Generated by org.testng.reporters.JUnitReportReporter -->
<testsuite skipped="0" hostname="Administrators-Mac-mini.local" name="Test_Cases.roundtrip_search" tests="2" failures="0" timestamp="18 Oct 2018 10:16:10 GMT" time="77.543" errors="0">
  <testcase name="search" time="42.597" classname="Test_Cases.roundtrip_search"/>
  <testcase name="search" time="34.946" classname="Test_Cases.roundtrip_search"/>
</testsuite> <!-- Test_Cases.roundtrip_search -->
