<?xml version="1.0" encoding="UTF-8"?>
<!-- Generated by org.testng.reporters.JUnitReportReporter -->
<testsuite skipped="0" hostname="Administrators-Mac-mini.local" name="Test_Cases.oneway_search_test" tests="2" failures="0" timestamp="11 Oct 2018 12:36:03 GMT" time="87.718" errors="0">
  <testcase name="search" time="46.454" classname="Test_Cases.oneway_search_test"/>
  <testcase name="search" time="41.264" classname="Test_Cases.oneway_search_test"/>
</testsuite> <!-- Test_Cases.oneway_search_test -->
