<?xml version="1.0" encoding="UTF-8"?>
<!-- Generated by org.testng.reporters.JUnitReportReporter -->
<testsuite skipped="0" hostname="Administrators-Mac-mini.local" name="Test_Cases.roundtrip_search" tests="2" failures="0" timestamp="08 Oct 2018 07:23:42 GMT" time="98.804" errors="0">
  <testcase name="search" time="51.047" classname="Test_Cases.roundtrip_search"/>
  <testcase name="search" time="47.757" classname="Test_Cases.roundtrip_search"/>
</testsuite> <!-- Test_Cases.roundtrip_search -->
