<?xml version="1.0" encoding="UTF-8"?>
<!-- Generated by org.testng.reporters.JUnitReportReporter -->
<testsuite skipped="0" hostname="Administrators-Mac-mini.local" name="Test_Cases.oneway_search_test" tests="2" failures="0" timestamp="09 Oct 2018 12:06:52 GMT" time="107.795" errors="0">
  <testcase name="search" time="60.487" classname="Test_Cases.oneway_search_test"/>
  <testcase name="search" time="47.308" classname="Test_Cases.oneway_search_test"/>
</testsuite> <!-- Test_Cases.oneway_search_test -->
