<?xml version="1.0" encoding="UTF-8"?>
<!-- Generated by org.testng.reporters.JUnitReportReporter -->
<testsuite skipped="0" hostname="Administrators-Mac-mini.local" name="Test_Cases.beroker_signup" tests="1" failures="0" timestamp="10 Oct 2018 11:11:30 GMT" time="27.712" errors="0">
  <testcase name="signup" time="27.712" classname="Test_Cases.beroker_signup"/>
</testsuite> <!-- Test_Cases.beroker_signup -->
