<?xml version="1.0" encoding="UTF-8"?>
<!-- Generated by org.testng.reporters.JUnitReportReporter -->
<testsuite skipped="0" hostname="Administrators-Mac-mini.local" name="Test_Cases.jetsetter_activation" tests="1" failures="0" timestamp="15 Oct 2018 13:09:56 GMT" time="28.749" errors="0">
  <testcase name="signup" time="28.749" classname="Test_Cases.jetsetter_activation"/>
</testsuite> <!-- Test_Cases.jetsetter_activation -->
