<?xml version="1.0" encoding="UTF-8"?>
<!-- Generated by org.testng.reporters.JUnitReportReporter -->
<testsuite skipped="0" hostname="Administrators-Mac-mini.local" name="Test_Cases.roundtrip_search" tests="2" failures="0" timestamp="09 Oct 2018 12:06:52 GMT" time="88.348" errors="0">
  <testcase name="search" time="47.155" classname="Test_Cases.roundtrip_search"/>
  <testcase name="search" time="41.193" classname="Test_Cases.roundtrip_search"/>
</testsuite> <!-- Test_Cases.roundtrip_search -->
