<?xml version="1.0" encoding="UTF-8"?>
<!-- Generated by org.testng.reporters.JUnitReportReporter -->
<testsuite skipped="0" hostname="Administrators-Mac-mini.local" name="Test_Cases.oneway_search_test" tests="2" failures="0" timestamp="15 Oct 2018 11:51:35 GMT" time="92.481" errors="0">
  <testcase name="search" time="51.018" classname="Test_Cases.oneway_search_test"/>
  <testcase name="search" time="41.463" classname="Test_Cases.oneway_search_test"/>
</testsuite> <!-- Test_Cases.oneway_search_test -->
