<?xml version="1.0" encoding="UTF-8"?>
<!-- Generated by org.testng.reporters.JUnitReportReporter -->
<testsuite skipped="0" hostname="Administrators-Mac-mini.local" name="Test_Cases.oneway_search_test" tests="2" failures="0" timestamp="05 Oct 2018 12:23:34 GMT" time="140.999" errors="0">
  <testcase name="search" time="71.250" classname="Test_Cases.oneway_search_test"/>
  <testcase name="search" time="69.749" classname="Test_Cases.oneway_search_test"/>
</testsuite> <!-- Test_Cases.oneway_search_test -->
