<?xml version="1.0" encoding="UTF-8"?>
<!-- Generated by org.testng.reporters.JUnitReportReporter -->
<testsuite skipped="0" hostname="Administrators-Mac-mini.local" name="Test_Cases.oneway_search_test" tests="2" failures="0" timestamp="18 Oct 2018 10:16:10 GMT" time="105.860" errors="0">
  <testcase name="search" time="42.138" classname="Test_Cases.oneway_search_test"/>
  <testcase name="search" time="63.722" classname="Test_Cases.oneway_search_test"/>
</testsuite> <!-- Test_Cases.oneway_search_test -->
