<?xml version="1.0" encoding="UTF-8"?>
<!-- Generated by org.testng.reporters.JUnitReportReporter -->
<testsuite skipped="0" hostname="Administrators-Mac-mini.local" name="Test_Cases.roundtrip_search" tests="2" failures="0" timestamp="15 Oct 2018 11:51:35 GMT" time="78.120" errors="0">
  <testcase name="search" time="37.388" classname="Test_Cases.roundtrip_search"/>
  <testcase name="search" time="40.732" classname="Test_Cases.roundtrip_search"/>
</testsuite> <!-- Test_Cases.roundtrip_search -->
